<?xml version="1.0" encoding="UTF-8"?>
<!-- Generated by org.testng.reporters.JUnitReportReporter -->
<testsuite hostname="Bharani" failures="0" tests="3" name="testng.Test0" time="92.082" errors="0" timestamp="2022-11-23T16:10:50 IST" skipped="0">
  <testcase classname="testng.Test0" name="tc1" time="30.398"/>
  <system-out/>
  <testcase classname="testng.Test0" name="tc1" time="30.807"/>
  <system-out/>
  <testcase classname="testng.Test0" name="tc1" time="30.877"/>
  <system-out/>
</testsuite> <!-- testng.Test0 -->
