<?xml version="1.0" encoding="UTF-8"?>
<!-- Generated by org.testng.reporters.JUnitReportReporter -->
<testsuite hostname="Bharani" failures="0" tests="1" name="testng.Test4" time="6.694" errors="0" timestamp="2022-11-28T16:49:12 IST" skipped="0">
  <testcase classname="testng.Test4" name="demo" time="6.694"/>
  <system-out/>
</testsuite> <!-- testng.Test4 -->
