<?xml version="1.0" encoding="UTF-8"?>
<!-- Generated by org.testng.reporters.JUnitReportReporter -->
<testsuite hostname="Bharani" failures="0" tests="1" name="testng.Testcase3" time="5.756" errors="0" timestamp="2022-11-24T16:54:49 IST" skipped="0">
  <testcase classname="testng.Testcase3" name="tc3" time="5.756"/>
  <system-out/>
</testsuite> <!-- testng.Testcase3 -->
