<?xml version="1.0" encoding="UTF-8"?>
<!-- Generated by org.testng.reporters.JUnitReportReporter -->
<testsuite hostname="Bharani" failures="0" tests="3" name="testng.Test2" time="29.258" errors="0" timestamp="2022-11-22T17:51:18 IST" skipped="0">
  <testcase classname="testng.Test2" name="tc1" time="11.738"/>
  <system-out/>
  <testcase classname="testng.Test2" name="tc1" time="7.911"/>
  <system-out/>
  <testcase classname="testng.Test2" name="tc1" time="9.609"/>
  <system-out/>
</testsuite> <!-- testng.Test2 -->
