<?xml version="1.0" encoding="UTF-8"?>
<!-- Generated by org.testng.reporters.JUnitReportReporter -->
<testsuite hostname="Bharani" failures="0" tests="1" name="testng.Testcase4" time="6.287" errors="0" timestamp="2022-11-24T16:54:49 IST" skipped="0">
  <testcase classname="testng.Testcase4" name="tc4" time="6.287"/>
  <system-out/>
</testsuite> <!-- testng.Testcase4 -->
