<?xml version="1.0" encoding="UTF-8"?>
<!-- Generated by org.testng.reporters.JUnitReportReporter -->
<testsuite hostname="Bharani" failures="0" tests="1" name="testng.Testcase2" time="7.093" errors="0" timestamp="2022-11-24T16:57:29 IST" skipped="0">
  <testcase classname="testng.Testcase2" name="tc2" time="7.093"/>
  <system-out>
    <![CDATA[actiTIME - Login]]>
  </system-out>
</testsuite> <!-- testng.Testcase2 -->
