<?xml version="1.0" encoding="UTF-8"?>
<!-- Generated by org.testng.reporters.JUnitReportReporter -->
<testsuite hostname="Bharani" failures="0" tests="1" name="testng.Testcase1" time="31.133" errors="0" timestamp="2022-11-23T17:40:57 IST" skipped="0">
  <testcase classname="testng.Testcase1" name="tc1" time="31.133"/>
  <system-out>
    <![CDATA[onTestStart
onTestSuccess]]>
  </system-out>
</testsuite> <!-- testng.Testcase1 -->
