<?xml version="1.0" encoding="UTF-8"?>
<!-- Generated by org.testng.reporters.JUnitReportReporter -->
<testsuite hostname="Bharani" failures="0" tests="2" name="testng.Test3" time="0.011" errors="0" timestamp="2022-11-23T16:44:58 IST" skipped="0">
  <testcase classname="testng.Test3" name="deleteCustomer" time="0.004"/>
  <system-out>
    <![CDATA[deleteCustomer]]>
  </system-out>
  <testcase classname="testng.Test3" name="deleteProject" time="0.007"/>
  <system-out>
    <![CDATA[deleteProject]]>
  </system-out>
</testsuite> <!-- testng.Test3 -->
